<?xml version="1.0" encoding="UTF-8"?>
<!-- Generated by org.testng.reporters.JUnitReportReporter -->
<testsuite ignored="0" hostname="DESKTOP-TGPHOC5" failures="0" tests="1" name="testng.Testrunner" time="35.306" errors="0" timestamp="06 Dec 2021 09:38:49 GMT" skipped="0">
  <testcase classname="testng.Testrunner" name="runScenario" time="35.306"/>
</testsuite> <!-- testng.Testrunner -->
