<?xml version="1.0" encoding="UTF-8"?>
<!-- Generated by org.testng.reporters.JUnitReportReporter -->
<testsuite hostname="DESKTOP-TGPHOC5" failures="0" tests="1" name="testng.Testrunner" time="34.259" errors="0" timestamp="2021-12-06T14:01:37 IST" skipped="0">
  <testcase classname="testng.Testrunner" name="runScenario" time="34.259"/>
  <system-out/>
</testsuite> <!-- testng.Testrunner -->
